
=== S3 | joint_w5_oracle | 20 seeds ===
  Seed 1/20... Initializing NUTS using jitter+adapt_diag...
Multiprocess sampling (4 chains in 4 jobs)
NUTS: [alpha, T_raw]
Sampling 4 chains for 1_000 tune and 1_000 draw iterations (4_000 + 4_000 draws total) took 2 seconds.
K=2/K_true=2 α=0.037 T=14.8 t=17s
  Seed 2/20... Initializing NUTS using jitter+adapt_diag...
Multiprocess sampling (4 chains in 4 jobs)
NUTS: [alpha, T_raw]
Sampling 4 chains for 1_000 tune and 1_000 draw iterations (4_000 + 4_000 draws total) took 1 seconds.
K=2/K_true=2 α=0.041 T=10.6 t=12s
  Seed 3/20... Initializing NUTS using jitter+adapt_diag...
Multiprocess sampling (4 chains in 4 jobs)
NUTS: [alpha, T_raw]
Sampling 4 chains for 1_000 tune and 1_000 draw iterations (4_000 + 4_000 draws total) took 1 seconds.
K=2/K_true=2 α=0.046 T=10.4 t=12s
  Seed 4/20... Initializing NUTS using jitter+adapt_diag...
Multiprocess sampling (4 chains in 4 jobs)
NUTS: [alpha, T_raw]
Sampling 4 chains for 1_000 tune and 1_000 draw iterations (4_000 + 4_000 draws total) took 1 seconds.
K=2/K_true=2 α=0.110 T=8.2 t=13s
  Seed 5/20... Initializing NUTS using jitter+adapt_diag...
Multiprocess sampling (4 chains in 4 jobs)
NUTS: [alpha, T_raw]
Sampling 4 chains for 1_000 tune and 1_000 draw iterations (4_000 + 4_000 draws total) took 1 seconds.
K=2/K_true=2 α=0.063 T=17.0 t=12s
  Seed 6/20... Initializing NUTS using jitter+adapt_diag...
Multiprocess sampling (4 chains in 4 jobs)
NUTS: [alpha, T_raw]
Sampling 4 chains for 1_000 tune and 1_000 draw iterations (4_000 + 4_000 draws total) took 2 seconds.
K=2/K_true=2 α=0.027 T=3.7 t=13s
  Seed 7/20... Initializing NUTS using jitter+adapt_diag...
Multiprocess sampling (4 chains in 4 jobs)
NUTS: [alpha, T_raw]
Sampling 4 chains for 1_000 tune and 1_000 draw iterations (4_000 + 4_000 draws total) took 1 seconds.
K=2/K_true=2 α=0.051 T=12.0 t=12s
  Seed 8/20... Initializing NUTS using jitter+adapt_diag...
Multiprocess sampling (4 chains in 4 jobs)
NUTS: [alpha, T_raw]
Sampling 4 chains for 1_000 tune and 1_000 draw iterations (4_000 + 4_000 draws total) took 1 seconds.
K=2/K_true=2 α=0.054 T=15.7 t=12s
  Seed 9/20... Initializing NUTS using jitter+adapt_diag...
Multiprocess sampling (4 chains in 4 jobs)
NUTS: [alpha, T_raw]
Sampling 4 chains for 1_000 tune and 1_000 draw iterations (4_000 + 4_000 draws total) took 2 seconds.
K=2/K_true=2 α=0.075 T=12.7 t=12s
  Seed 10/20... Initializing NUTS using jitter+adapt_diag...
Multiprocess sampling (4 chains in 4 jobs)
NUTS: [alpha, T_raw]
Sampling 4 chains for 1_000 tune and 1_000 draw iterations (4_000 + 4_000 draws total) took 1 seconds.
K=2/K_true=2 α=0.089 T=10.4 t=12s
  Seed 11/20... Initializing NUTS using jitter+adapt_diag...
Multiprocess sampling (4 chains in 4 jobs)
NUTS: [alpha, T_raw]
Sampling 4 chains for 1_000 tune and 1_000 draw iterations (4_000 + 4_000 draws total) took 1 seconds.
K=2/K_true=2 α=0.041 T=5.9 t=12s
  Seed 12/20... Initializing NUTS using jitter+adapt_diag...
Multiprocess sampling (4 chains in 4 jobs)
NUTS: [alpha, T_raw]
Sampling 4 chains for 1_000 tune and 1_000 draw iterations (4_000 + 4_000 draws total) took 1 seconds.
There were 32 divergences after tuning. Increase `target_accept` or reparameterize.
K=2/K_true=2 α=0.047 T=19.3 t=13s
  Seed 13/20... Initializing NUTS using jitter+adapt_diag...
Multiprocess sampling (4 chains in 4 jobs)
NUTS: [alpha, T_raw]
Sampling 4 chains for 1_000 tune and 1_000 draw iterations (4_000 + 4_000 draws total) took 1 seconds.
K=2/K_true=2 α=0.098 T=13.8 t=12s
  Seed 14/20... Initializing NUTS using jitter+adapt_diag...
Multiprocess sampling (4 chains in 4 jobs)
NUTS: [alpha, T_raw]
Sampling 4 chains for 1_000 tune and 1_000 draw iterations (4_000 + 4_000 draws total) took 1 seconds.
K=2/K_true=2 α=0.075 T=4.9 t=12s
  Seed 15/20... Initializing NUTS using jitter+adapt_diag...
Multiprocess sampling (4 chains in 4 jobs)
NUTS: [alpha, T_raw]
Sampling 4 chains for 1_000 tune and 1_000 draw iterations (4_000 + 4_000 draws total) took 1 seconds.
K=2/K_true=2 α=0.040 T=10.8 t=12s
  Seed 16/20... Initializing NUTS using jitter+adapt_diag...
Multiprocess sampling (4 chains in 4 jobs)
NUTS: [alpha, T_raw]
Sampling 4 chains for 1_000 tune and 1_000 draw iterations (4_000 + 4_000 draws total) took 2 seconds.
K=2/K_true=2 α=0.044 T=6.6 t=13s
  Seed 17/20... Initializing NUTS using jitter+adapt_diag...
Multiprocess sampling (4 chains in 4 jobs)
NUTS: [alpha, T_raw]
Sampling 4 chains for 1_000 tune and 1_000 draw iterations (4_000 + 4_000 draws total) took 2 seconds.
K=2/K_true=2 α=0.059 T=14.3 t=12s
  Seed 18/20... Initializing NUTS using jitter+adapt_diag...
Multiprocess sampling (4 chains in 4 jobs)
NUTS: [alpha, T_raw]
Sampling 4 chains for 1_000 tune and 1_000 draw iterations (4_000 + 4_000 draws total) took 1 seconds.
K=2/K_true=2 α=0.025 T=10.8 t=12s
  Seed 19/20... Initializing NUTS using jitter+adapt_diag...
Multiprocess sampling (4 chains in 4 jobs)
NUTS: [alpha, T_raw]
Sampling 4 chains for 1_000 tune and 1_000 draw iterations (4_000 + 4_000 draws total) took 1 seconds.
K=2/K_true=2 α=0.014 T=12.2 t=12s
  Seed 20/20... Initializing NUTS using jitter+adapt_diag...
Multiprocess sampling (4 chains in 4 jobs)
NUTS: [alpha, T_raw]
Sampling 4 chains for 1_000 tune and 1_000 draw iterations (4_000 + 4_000 draws total) took 2 seconds.
K=2/K_true=2 α=0.050 T=4.3 t=13s

Saved: ../results/hapgraph/S3_oracle_results.json

=================================================================
BENCHMARK SUMMARY: S3
=================================================================

  [joint_w5_oracle]  n=20
    Greedy K correct:     100%
    Greedy recall:        1.00 ± 0.00  (n=20)
    Greedy precision:     1.00 ± 0.00  (n=20)
    Alpha MAE:            0.054 ± 0.024  (n=20)
    T MAE (gen):          10.9 ± 4.2  (n=20)
    Alpha 95% cover:      0.62 ± 0.31  (n=20)
    T 95% cover:          0.93 ± 0.18  (n=20)
    R-hat max:            1.001 ± 0.003  (n=20)
    ESS min:              3204 ± 837  (n=20)
    Divergences:          1.6 ± 7.0  (n=20)
    Runtime (s):          13 ± 1  (n=20)
